d:\projects on git\anothercopy\opengl\opengl\debug\vc143.pdb
d:\projects on git\anothercopy\opengl\opengl\debug\vc143.idb
d:\projects on git\anothercopy\opengl\opengl\debug\wallclass.obj
d:\projects on git\anothercopy\opengl\opengl\debug\texture.obj
d:\projects on git\anothercopy\opengl\opengl\debug\stairclass.obj
d:\projects on git\anothercopy\opengl\opengl\debug\qmosque.obj
d:\projects on git\anothercopy\opengl\opengl\debug\mosquesquareclass.obj
d:\projects on git\anothercopy\opengl\opengl\debug\mosquegroundclass.obj
d:\projects on git\anothercopy\opengl\opengl\debug\model_3ds.obj
d:\projects on git\anothercopy\opengl\opengl\debug\main.obj
d:\projects on git\anothercopy\opengl\opengl\debug\domeoftherockclass.obj
d:\projects on git\anothercopy\opengl\opengl\debug\buildingclass.obj
d:\projects on git\anothercopy\opengl\opengl\debug\almawazinclass.obj
d:\projects on git\anothercopy\opengl\opengl\debug\3dtexture.obj
d:\projects on git\anothercopy\opengl\debug\opengl.exe
d:\projects on git\anothercopy\opengl\opengl\debug\opengl.ilk
d:\projects on git\anothercopy\opengl\debug\opengl.pdb
d:\projects on git\anothercopy\opengl\opengl\debug\main.obj.enc
d:\projects on git\anothercopy\opengl\opengl\debug\opengl.tlog\cl.command.1.tlog
d:\projects on git\anothercopy\opengl\opengl\debug\opengl.tlog\cl.read.1.tlog
d:\projects on git\anothercopy\opengl\opengl\debug\opengl.tlog\cl.write.1.tlog
d:\projects on git\anothercopy\opengl\opengl\debug\opengl.tlog\link.command.1.tlog
d:\projects on git\anothercopy\opengl\opengl\debug\opengl.tlog\link.read.1.tlog
d:\projects on git\anothercopy\opengl\opengl\debug\opengl.tlog\link.write.1.tlog
